<?xml version="1.0" encoding="UTF-8"?>
<!-- Generated by org.testng.reporters.JUnitXMLReporter -->
<testsuite ignored="0" hostname="DESKTOP-L74G382" failures="0" tests="4" name="Default test" time="0.124" errors="0" timestamp="2023-09-20T15:54:08 IST">
  <testcase classname="parallelExecution.Test1" name="test1" time="0.014"/>
  <testcase classname="parallelExecution.Test1" name="test2" time="0.003"/>
  <testcase classname="parallelExecution.Test1" name="test3" time="0.002"/>
  <testcase classname="parallelExecution.Test1" name="test4" time="0.004"/>
</testsuite> <!-- Default test -->
