<?xml version="1.0" encoding="UTF-8"?>
<!-- Generated by org.testng.reporters.JUnitXMLReporter -->
<testsuite ignored="0" hostname="DESKTOP-L74G382" failures="0" tests="4" name="Test2" time="0.083" errors="0" timestamp="2023-09-20T15:13:41 IST">
  <testcase classname="parallelExecution.Test2" name="test5" time="0.015"/>
  <testcase classname="parallelExecution.Test2" name="test6" time="0.001"/>
  <testcase classname="parallelExecution.Test2" name="test7" time="0.003"/>
  <testcase classname="parallelExecution.Test2" name="test8" time="0.001"/>
</testsuite> <!-- Test2 -->
