<?xml version="1.0" encoding="UTF-8"?>
<!-- Generated by org.testng.reporters.JUnitXMLReporter -->
<testsuite ignored="0" hostname="DESKTOP-L74G382" failures="0" tests="10" name="Test1" time="0.128" errors="0" timestamp="2023-09-20T15:37:32 IST">
  <testcase classname="parallelExecution.Test1" name="test1" time="0.02"/>
  <testcase classname="parallelExecution.Test2" name="test5" time="0.02"/>
  <testcase classname="parallelExecution.Test2" name="test6" time="0.003"/>
  <testcase classname="parallelExecution.Test1" name="test2" time="0.003"/>
  <testcase classname="parallelExecution.Test2" name="test7" time="0.0"/>
  <testcase classname="parallelExecution.Test1" name="test3" time="0.003"/>
  <testcase classname="parallelExecution.Test2" name="test8" time="0.001"/>
  <testcase classname="parallelExecution.Test1" name="test4" time="0.002"/>
  <testcase classname="parallelExecution.Test3" name="test10" time="0.004"/>
  <testcase classname="parallelExecution.Test3" name="test9" time="0.002"/>
</testsuite> <!-- Test1 -->
